1673695524910	geckodriver	INFO	Listening on 127.0.0.1:51076
1673695528007	mozrunner::runner	INFO	Running command: "C:\\Program Files\\Mozilla Firefox\\firefox.exe" "--marionette" "--remote-debugging-port" "51077" "--remote-allow-hosts" "localhost" "-no-remote" "-profile" "C:\\Users\\User\\AppData\\Local\\Temp\\rust_mozprofileBWnrYP"
1673695528404	Marionette	INFO	Marionette enabled
1673695528411	Marionette	INFO	Listening on port 51091
Read port: 51091
WebDriver BiDi listening on ws://127.0.0.1:51077
1673695528552	RemoteAgent	WARN	TLS certificate errors will be ignored for this session
console.warn: SearchSettings: "get: No settings file exists, new profile?" (new NotFoundError("Could not open the file at C:\\Users\\User\\AppData\\Local\\Temp\\rust_mozprofileBWnrYP\\search.json.mozlz4", (void 0)))
DevTools listening on ws://127.0.0.1:51077/devtools/browser/6dc39f41-e4bf-401d-b19b-2aabbf7834c5
JavaScript error: resource://gre/modules/URIFixup.sys.mjs, line 302: NS_ERROR_FAILURE: Should pass a non-null uri
console.warn: LoginRecipes: "Falling back to a synchronous message for: https://accounts.google.com."
1673695618951	Marionette	INFO	Stopped listening on port 51091
console.warn: TopSitesFeed: Failed to fetch data from Contile server: NetworkError when attempting to fetch resource.
remote-debugging-port" "51217" "--remote-allow-hosts" "localhost" "-no-remote" "-profile" "C:\\Users\\User\\AppData\\Local\\Temp\\rust_mozprofileZcs05w"
1673695612191	Marionette	INFO	Marionette enabled
1673695612200	Marionette	INFO	Listening on port 51228
Read port: 51228
WebDriver BiDi listening on ws://127.0.0.1:51217
1673695612424	RemoteAgent	WARN	TLS certificate errors will be ignored for this session
console.warn: SearchSettings: "get: No settings file exists, new profile?" (new NotFoundError("Could not open the file at C:\\Users\\User\\AppData\\Local\\Temp\\rust_mozprofileZcs05w\\search.json.mozlz4", (void 0)))
DevTools listening on ws://127.0.0.1:51217/devtools/browser/1afc9583-db4c-4250-b64e-ffdad30a3a0f
JavaScript error: resource://gre/modules/URIFixup.sys.mjs, line 302: NS_ERROR_FAILURE: Should pass a non-null uri
console.warn: LoginRecipes: "Falling back to a synchronous message for: https://accounts.google.com."
1673702625014	Marionette	INFO	Stopped listening on port 51228
console.warn: TopSitesFeed: Failed to fetch data from Contile server: NetworkError when attempting to fetch resource.
remote-debugging-port" "51280" "--remote-allow-hosts" "localhost" "-no-remote" "-profile" "C:\\Users\\User\\AppData\\Local\\Temp\\rust_mozprofilecHi52I"
1673695625755	Marionette	INFO	Marionette enabled
1673695625761	Marionette	INFO	Listening on port 51294
Read port: 51294
WebDriver BiDi listening on ws://127.0.0.1:51280
1673695625922	RemoteAgent	WARN	TLS certificate errors will be ignored for this session
console.warn: SearchSettings: "get: No settings file exists, new profile?" (new NotFoundError("Could not open the file at C:\\Users\\User\\AppData\\Local\\Temp\\rust_mozprofilecHi52I\\search.json.mozlz4", (void 0)))
DevTools listening on ws://127.0.0.1:51280/devtools/browser/ce9eb314-ab33-4846-914e-7d0b0c2ae53a
JavaScript error: resource://gre/modules/URIFixup.sys.mjs, line 302: NS_ERROR_FAILURE: Should pass a non-null uri
console.warn: LoginRecipes: "Falling back to a synchronous message for: https://accounts.google.com."
1673695637182	Marionette	INFO	Stopped listening on port 51294
console.warn: TopSitesFeed: Failed to fetch data from Contile server: NetworkError when attempting to fetch resource.
1673696525753	geckodriver	INFO	Listening on 127.0.0.1:51954
1673696528822	mozrunner::runner	INFO	Running command: "C:\\Program Files\\Mozilla Firefox\\firefox.exe" "--marionette" "--remote-debugging-port" "51955" "--remote-allow-hosts" "localhost" "-no-remote" "-profile" "C:\\Users\\User\\AppData\\Local\\Temp\\rust_mozprofileDNIDKS"
1673696529160	Marionette	INFO	Marionette enabled
1673696529165	Marionette	INFO	Listening on port 51970
Read port: 51970
WebDriver BiDi listening on ws://127.0.0.1:51955
1673696529316	RemoteAgent	WARN	TLS certificate errors will be ignored for this session
console.warn: SearchSettings: "get: No settings file exists, new profile?" (new NotFoundError("Could not open the file at C:\\Users\\User\\AppData\\Local\\Temp\\rust_mozprofileDNIDKS\\search.json.mozlz4", (void 0)))
DevTools listening on ws://127.0.0.1:51955/devtools/browser/7601aa9b-e2b3-4334-ba63-f57ea6d00ea1
JavaScript error: resource://gre/modules/URIFixup.sys.mjs, line 302: NS_ERROR_FAILURE: Should pass a non-null uri
console.warn: LoginRecipes: "Falling back to a synchronous message for: https://accounts.google.com."
JavaScript warning: https://accounts.google.com/v3/signin/identifier?dsh=S-1258196191%3A1673696532854925&continue=https%3A%2F%2Fmail.google.com%2Fmail%2Fu%2F0%2F&emr=1&followup=https%3A%2F%2Fmail.google.com%2Fmail%2Fu%2F0%2F&osid=1&passive=1209600&service=mail&flowName=GlifWebSignIn&flowEntry=ServiceLogin&ifkv=AeAAQh7CdzvklaZ3jvmdFywH9ySN5S2foIW1qI4MYSuNY6QUkJ8ZeRLCA9vFQEADZKfK5PRscHORhA line 325 > injectedScript line 2 > eval line 1001 > eval line 1 > eval line 1 > eval, line 1: WEBGL_debug_renderer_info is deprecated in Firefox and will be removed. Please use RENDERER.
console.warn: LoginRecipes: "Falling back to a synchronous message for: https://accounts.google.com."
1673696608840	Marionette	INFO	Stopped listening on port 51970
console.warn: TopSitesFeed: Failed to fetch data from Contile server: NetworkError when attempting to fetch resource.
1673696612353	geckodriver	INFO	Listening on 127.0.0.1:52085
1673696615382	mozrunner::runner	INFO	Running command: "C:\\Program Files\\Mozilla Firefox\\firefox.exe" "--marionette" "--remote-debugging-port" "52086" "--remote-allow-hosts" "localhost" "-no-remote" "-profile" "C:\\Users\\User\\AppData\\Local\\Temp\\rust_mozprofile8NlexJ"
1673696615723	Marionette	INFO	Marionette enabled
1673696615728	Marionette	INFO	Listening on port 52097
Read port: 52097
WebDriver BiDi listening on ws://127.0.0.1:52086
1673696615875	RemoteAgent	WARN	TLS certificate errors will be ignored for this session
console.warn: SearchSettings: "get: No settings file exists, new profile?" (new NotFoundError("Could not open the file at C:\\Users\\User\\AppData\\Local\\Temp\\rust_mozprofile8NlexJ\\search.json.mozlz4", (void 0)))
DevTools listening on ws://127.0.0.1:52086/devtools/browser/8ff3e8b5-7907-4541-b45e-2ec1699e8f70
JavaScript error: resource://gre/modules/URIFixup.sys.mjs, line 302: NS_ERROR_FAILURE: Should pass a non-null uri
console.warn: LoginRecipes: "Falling back to a synchronous message for: https://accounts.google.com."
JavaScript warning: https://accounts.google.com/v3/signin/identifier?dsh=S956611344%3A1673696618997954&continue=https%3A%2F%2Fmail.google.com%2Fmail%2Fu%2F0%2F&emr=1&followup=https%3A%2F%2Fmail.google.com%2Fmail%2Fu%2F0%2F&osid=1&passive=1209600&service=mail&flowName=GlifWebSignIn&flowEntry=ServiceLogin&ifkv=AeAAQh449EiT-TdyB_ya16v9MtcfWInCkq5Bh8pbN0PX-apC0e2_FAQ0m5UdG5P1L57FleV7t0Q line 325 > injectedScript line 2 > eval line 199 > eval line 1 > eval line 1 > eval, line 1: WEBGL_debug_renderer_info is deprecated in Firefox and will be removed. Please use RENDERER.
console.warn: LoginRecipes: "Falling back to a synchronous message for: https://accounts.google.com."
JavaScript error: resource://gre/modules/AsyncShutdown.jsm, line 560: NotFoundError: No such JSWindowActor 'DevToolsFrame'
JavaScript error: resource://gre/modules/AsyncShutdown.jsm, line 560: NotFoundError: No such JSWindowActor 'DevToolsFrame'
JavaScript error: resource://gre/modules/AsyncShutdown.jsm, line 560: NotFoundError: No such JSWindowActor 'DevToolsFrame'
1673696723008	Marionette	INFO	Stopped listening on port 52097
1673696725194	geckodriver	INFO	Listening on 127.0.0.1:52211
1673696728256	mozrunner::runner	INFO	Running command: "C:\\Program Files\\Mozilla Firefox\\firefox.exe" "--marionette" "--remote-debugging-port" "52212" "--remote-allow-hosts" "localhost" "-no-remote" "-profile" "C:\\Users\\User\\AppData\\Local\\Temp\\rust_mozprofileDbo4g9"
1673696728592	Marionette	INFO	Marionette enabled
1673696728597	Marionette	INFO	Listening on port 52224
Read port: 52224
WebDriver BiDi listening on ws://127.0.0.1:52212
1673696728742	RemoteAgent	WARN	TLS certificate errors will be ignored for this session
console.warn: SearchSettings: "get: No settings file exists, new profile?" (new NotFoundError("Could not open the file at C:\\Users\\User\\AppData\\Local\\Temp\\rust_mozprofileDbo4g9\\search.json.mozlz4", (void 0)))
DevTools listening on ws://127.0.0.1:52212/devtools/browser/51ac00fc-d575-46db-96b8-eec88b15b528
JavaScript error: resource://gre/modules/URIFixup.sys.mjs, line 302: NS_ERROR_FAILURE: Should pass a non-null uri
console.warn: LoginRecipes: "Falling back to a synchronous message for: https://accounts.google.com."
JavaScript warning: https://accounts.google.com/v3/signin/identifier?dsh=S-1475988081%3A1673696731592381&continue=https%3A%2F%2Fmail.google.com%2Fmail%2Fu%2F0%2F&emr=1&followup=https%3A%2F%2Fmail.google.com%2Fmail%2Fu%2F0%2F&osid=1&passive=1209600&service=mail&flowName=GlifWebSignIn&flowEntry=ServiceLogin&ifkv=AeAAQh6HKmZHVJconhCkG_9cTeRhbdFtFtC5JQ1cqwzgPPopmdvIr5owqPZOD7nnEJbFI_zDW6lJtQ line 325 > injectedScript line 2 > eval line 7527 > eval line 1 > eval line 1 > eval, line 1: WEBGL_debug_renderer_info is deprecated in Firefox and will be removed. Please use RENDERER.
console.warn: LoginRecipes: "Falling back to a synchronous message for: https://accounts.google.com."
1673696793203	Marionette	INFO	Stopped listening on port 52224
console.warn: TopSitesFeed: Failed to fetch data from Contile server: NetworkError when attempting to fetch resource.
